{"message":"Express server started on port: 8081","level":"info","timestamp":"2020-06-15T08:03:29.105Z"}
{"message":"Express server started on port: 8081","level":"info","timestamp":"2020-06-15T08:04:51.034Z"}
{"message":"Express server started on port: 8081","level":"info","timestamp":"2020-06-29T05:11:48.632Z"}
{"message":"Database intialized successfully","level":"info","timestamp":"2020-06-29T05:11:48.909Z"}
{"message":"Express server started on port: 8081","level":"info","timestamp":"2020-06-29T05:19:17.508Z"}
{"message":"Database successfully initialized","level":"info","timestamp":"2020-06-29T05:19:17.703Z"}
{"message":"Express server started on port: 8081","level":"info","timestamp":"2020-06-29T06:06:50.652Z"}
{"message":"Database successfully initialized","level":"info","timestamp":"2020-06-29T06:06:50.696Z"}
{"message":"Express server started on port: 8081","level":"info","timestamp":"2020-06-29T08:51:55.993Z"}
{"level":"error","timestamp":"2020-06-29T08:51:56.030Z"}
{"level":"info","message":"Express server started on port: 8081","timestamp":"2022-03-27T07:36:08.199Z"}
{"level":"info","message":"Express server started on port: 8081","timestamp":"2022-03-27T07:37:32.726Z"}
{"level":"info","message":"Database successfully initialized","timestamp":"2022-03-27T07:37:32.976Z"}
{"level":"info","message":"Express server started on port: 8081","timestamp":"2022-03-27T07:39:03.751Z"}
{"level":"info","message":"Database successfully initialized","timestamp":"2022-03-27T07:39:04.113Z"}
{"level":"info","message":"Express server started on port: 8081","timestamp":"2022-03-27T10:47:51.413Z"}
{"level":"info","message":"Database successfully initialized","timestamp":"2022-03-27T10:47:51.733Z"}
{"level":"info","message":"Express server started on port: 8081","timestamp":"2022-03-27T10:48:41.146Z"}
{"level":"info","message":"Database successfully initialized","timestamp":"2022-03-27T10:48:41.428Z"}
{"level":"info","message":"Express server started on port: 8081","timestamp":"2022-03-27T11:24:40.979Z"}
{"level":"info","message":"Database successfully initialized","timestamp":"2022-03-27T11:24:41.227Z"}
{"level":"info","message":"Express server started on port: 8081","timestamp":"2022-03-27T16:23:04.558Z"}
{"level":"info","message":"Database successfully initialized","timestamp":"2022-03-27T16:23:04.827Z"}
{"level":"info","message":"Express server started on port: 8081","timestamp":"2022-03-27T16:26:56.138Z"}
{"level":"info","message":"Database successfully initialized","timestamp":"2022-03-27T16:26:56.403Z"}
{"level":"info","message":"Express server started on port: 8081","timestamp":"2022-03-27T16:34:55.290Z"}
{"level":"info","message":"Database successfully initialized","timestamp":"2022-03-27T16:34:55.540Z"}
{"level":"info","message":"Express server started on port: 8081","timestamp":"2022-03-27T16:39:34.112Z"}
{"level":"info","message":"Database successfully initialized","timestamp":"2022-03-27T16:39:34.372Z"}
{"level":"info","message":"Express server started on port: 8081","timestamp":"2022-03-27T16:42:13.370Z"}
{"level":"info","message":"Database successfully initialized","timestamp":"2022-03-27T16:42:13.719Z"}
